2017-12-10 20:15:15 INFO  Utils:72 - Username field is present
2017-12-10 20:15:15 INFO  Utils:74 - Password field is present
2017-12-10 20:15:15 INFO  Utils:96 - https://www.123-reg.co.uk/public/login
2017-12-10 20:18:52 INFO  Utils:72 - Username field is present
2017-12-10 20:18:52 INFO  Utils:74 - Password field is present
2017-12-10 20:18:52 INFO  Utils:96 - https://www.123-reg.co.uk/public/login
2017-12-10 20:19:21 INFO  Utils:72 - Username field is present
2017-12-10 20:19:21 INFO  Utils:74 - Password field is present
2017-12-10 20:19:21 INFO  Utils:96 - https://www.123-reg.co.uk/public/login
2017-12-10 20:21:13 INFO  Utils:72 - Username field is present
2017-12-10 20:21:13 INFO  Utils:74 - Password field is present
2017-12-10 20:21:13 INFO  Utils:96 - https://www.123-reg.co.uk/public/login
2017-12-10 20:22:23 INFO  Utils:72 - Username field is present
2017-12-10 20:22:23 INFO  Utils:74 - Password field is present
2017-12-10 20:22:24 INFO  Utils:96 - https://www.123-reg.co.uk/public/login
2017-12-10 20:22:26 INFO  Utils:106 - Bingo ->>>>>meDriver: chrome on MAC (32c65d84f5978681e4cf7443b36a2edb)] -> xpath: //*[@id="body"]/div/div[1]/h1]
2017-12-10 20:24:30 INFO  Utils:72 - Username field is present
2017-12-10 20:24:30 INFO  Utils:74 - Password field is present
2017-12-10 20:24:30 INFO  Utils:96 - https://www.123-reg.co.uk/public/login
2017-12-10 20:24:34 INFO  Utils:106 - Bingo ->>>>>Testing Account
not you? sign out
2017-12-10 20:25:35 INFO  Utils:72 - Username field is present
2017-12-10 20:25:35 INFO  Utils:74 - Password field is present
2017-12-10 20:25:35 INFO  Utils:96 - https://www.123-reg.co.uk/public/login
2017-12-10 20:25:38 INFO  Utils:106 - Bingo ->>>>>Testing Account
not you? sign out
2017-12-10 20:25:38 INFO  Utils:108 - Hello Testing Accountis displayed correctly
2017-12-10 20:25:43 INFO  LoginTo123regWithCorrectCredentials:52 - URLhttps://www.123-reg.co.uk/is correct
2017-12-10 20:27:01 INFO  Utils:72 - Username field is present
2017-12-10 20:27:01 INFO  Utils:74 - Password field is present
2017-12-10 20:27:01 INFO  Utils:96 - https://www.123-reg.co.uk/public/login
2017-12-10 20:27:04 INFO  Utils:106 - Bingo ->>>>>Testing Account
not you? sign out
2017-12-10 20:27:04 INFO  Utils:108 - Hello Testing Accountis displayed correctly
2017-12-10 20:27:07 INFO  LoginTo123regWithCorrectCredentials:52 - URLhttps://www.123-reg.co.uk/is correct
2017-12-10 20:27:43 INFO  Utils:72 - Username field is present
2017-12-10 20:27:43 INFO  Utils:74 - Password field is present
2017-12-10 20:27:44 INFO  Utils:96 - https://www.123-reg.co.uk/public/login
2017-12-10 20:28:11 INFO  Utils:72 - Username field is present
2017-12-10 20:28:11 INFO  Utils:74 - Password field is present
2017-12-10 20:28:11 INFO  Utils:96 - https://www.123-reg.co.uk/public/login
2017-12-10 20:28:37 INFO  Utils:106 - Bingo ->>>>>Testing Account
not you? sign out
2017-12-10 20:28:37 INFO  Utils:108 - Hello Testing Accountis displayed correctly
2017-12-10 20:28:40 INFO  LoginTo123regWithCorrectCredentials:52 - URLhttps://www.123-reg.co.uk/is correct
2017-12-10 20:29:10 INFO  Utils:72 - Username field is present
2017-12-10 20:29:10 INFO  Utils:74 - Password field is present
2017-12-10 20:29:10 INFO  Utils:96 - https://www.123-reg.co.uk/public/login
2017-12-10 20:29:55 INFO  Utils:72 - Username field is present
2017-12-10 20:29:55 INFO  Utils:74 - Password field is present
2017-12-10 20:29:55 INFO  Utils:96 - https://www.123-reg.co.uk/public/login
2017-12-10 20:29:57 INFO  Utils:106 - Bingo ->>>>>Testing Account
not you? sign out
2017-12-10 20:29:57 INFO  Utils:108 - Hello Testing Accountis displayed correctly
2017-12-10 20:30:01 INFO  LoginTo123regWithCorrectCredentials:52 - URLhttps://www.123-reg.co.uk/is correct
2017-12-10 20:36:40 INFO  Utils:72 - Username field is present
2017-12-10 20:36:40 INFO  Utils:74 - Password field is present
2017-12-10 20:36:40 INFO  Utils:96 - https://www.123-reg.co.uk/public/login
2017-12-10 20:36:42 INFO  Utils:106 - Bingo ->>>>>Testing Account
not you? sign out
2017-12-10 20:36:43 INFO  Utils:108 - Hello Testing Accountis displayed correctly
2017-12-10 20:36:46 INFO  LoginTo123regWithCorrectCredentials:54 - URLhttps://www.123-reg.co.uk/is correct
2017-12-10 20:38:11 INFO  Utils:72 - Username field is present
2017-12-10 20:38:11 INFO  Utils:74 - Password field is present
2017-12-10 20:38:12 INFO  Utils:96 - https://www.123-reg.co.uk/public/login
2017-12-10 20:38:14 INFO  Utils:106 - Bingo ->>>>>Testing Account
not you? sign out
2017-12-10 20:38:14 INFO  Utils:108 - Hello Testing Accountis displayed correctly
2017-12-10 20:38:17 INFO  LoginTo123regWithCorrectCredentials:55 - URLhttps://www.123-reg.co.uk/is correct
2017-12-10 20:39:13 INFO  Utils:72 - Username field is present
2017-12-10 20:39:13 INFO  Utils:74 - Password field is present
2017-12-10 20:39:13 INFO  Utils:96 - https://www.123-reg.co.uk/public/login
2017-12-10 20:39:17 INFO  Utils:106 - Bingo ->>>>>Testing Account
not you? sign out
2017-12-10 20:39:17 INFO  Utils:108 - Hello Testing Accountis displayed correctly
2017-12-10 20:39:53 INFO  Utils:72 - Username field is present
2017-12-10 20:39:53 INFO  Utils:74 - Password field is present
2017-12-10 20:39:54 INFO  Utils:96 - https://www.123-reg.co.uk/public/login
2017-12-10 20:39:57 INFO  Utils:106 - Bingo ->>>>>Testing Account
not you? sign out
2017-12-10 20:39:57 INFO  Utils:108 - Hello Testing Accountis displayed correctly
2017-12-10 20:39:59 INFO  LoginTo123regWithCorrectCredentials:55 - URLhttps://www.123-reg.co.uk/is correct
2017-12-10 20:41:54 INFO  Utils:72 - Username field is present
2017-12-10 20:41:54 INFO  Utils:74 - Password field is present
2017-12-10 20:41:55 INFO  Utils:96 - https://www.123-reg.co.uk/public/login
2017-12-10 20:41:59 INFO  Utils:106 - Bingo ->>>>>Testing Account
not you? sign out
2017-12-10 20:41:59 INFO  Utils:108 - Hello Testing Accountis displayed correctly
2017-12-10 20:42:01 INFO  LoginTo123regWithCorrectCredentials:55 - URL is correct
2017-12-10 20:42:01 INFO  LoginTo123regWithCorrectCredentials:57 - Test is finished
2017-12-10 20:42:45 INFO  Utils:72 - Username field is present
2017-12-10 20:42:45 INFO  Utils:74 - Password field is present
2017-12-10 20:42:45 INFO  Utils:96 - https://www.123-reg.co.uk/public/login
2017-12-10 20:42:48 INFO  Utils:106 - Bingo ->>>>>Testing Account
not you? sign out
2017-12-10 20:42:48 INFO  Utils:108 - Hello Testing Account displayed correctly
2017-12-10 20:42:51 INFO  LoginTo123regWithCorrectCredentials:55 - URL is correct
2017-12-10 20:42:51 INFO  LoginTo123regWithCorrectCredentials:57 - Test is finished
2017-12-10 21:07:46 INFO  Utils:70 - Username field is present
2017-12-10 21:07:46 INFO  Utils:72 - Password field is present
2017-12-10 21:07:47 INFO  Utils:88 - https://www.123-reg.co.uk/public/login
2017-12-10 21:07:48 INFO  LoginTo123regWithoutCredentials:53 - Error message displayed : Error! No username or e-mail address provided.
2017-12-10 21:07:48 INFO  LoginTo123regWithoutCredentials:55 - Error message displayed : Error! No password provided.
2017-12-10 21:07:48 INFO  Utils:88 - https://www.123-reg.co.uk/public/login
2017-12-10 21:08:31 INFO  Utils:70 - Username field is present
2017-12-10 21:08:31 INFO  Utils:72 - Password field is present
2017-12-10 21:08:32 INFO  Utils:88 - https://www.123-reg.co.uk/public/login
2017-12-10 21:08:33 INFO  LoginTo123regWithoutCredentials:53 - Error message displayed : Error! No username or e-mail address provided.
2017-12-10 21:08:33 INFO  LoginTo123regWithoutCredentials:55 - Error message displayed : Error! No password provided.
2017-12-10 21:08:33 INFO  Utils:88 - https://www.123-reg.co.uk/public/login
2017-12-10 21:08:36 INFO  LoginTo123regWithoutCredentials:60 - Error message displayed : Error! No password provided.
2017-12-10 21:08:36 INFO  Utils:88 - https://www.123-reg.co.uk/public/login
2017-12-10 21:08:37 INFO  LoginTo123regWithoutCredentials:65 - Error message displayed : Error! Your credentials appear to be wrong. Please try again.
2017-12-10 21:09:31 INFO  Utils:70 - Username field is present
2017-12-10 21:09:31 INFO  Utils:72 - Password field is present
2017-12-10 21:09:31 INFO  Utils:88 - https://www.123-reg.co.uk/public/login
2017-12-10 21:09:33 INFO  LoginTo123regWithoutCredentials:53 - Error message displayed : Error! No username or e-mail address provided.
2017-12-10 21:09:33 INFO  LoginTo123regWithoutCredentials:55 - Error message displayed : Error! No password provided.
2017-12-10 21:09:33 INFO  Utils:88 - https://www.123-reg.co.uk/public/login
2017-12-10 21:09:34 INFO  LoginTo123regWithoutCredentials:60 - Error message displayed : Error! No password provided.
2017-12-10 21:09:35 INFO  Utils:88 - https://www.123-reg.co.uk/public/login
2017-12-10 21:09:37 INFO  LoginTo123regWithoutCredentials:65 - Error message displayed : Error! Your credentials appear to be wrong. Please try again.
2017-12-10 21:09:37 INFO  LoginTo123regWithoutCredentials:67 - Test is finished
2017-12-10 21:13:36 INFO  Utils:70 - Username field is present
2017-12-10 21:13:36 INFO  Utils:72 - Password field is present
2017-12-10 21:13:36 INFO  Utils:90 - https://www.123-reg.co.uk/public/login
2017-12-10 21:13:37 INFO  LoginTo123regWithoutCredentials:53 - Error message displayed : Error! No username or e-mail address provided.
2017-12-10 21:13:37 INFO  LoginTo123regWithoutCredentials:55 - Error message displayed : Error! No password provided.
2017-12-10 21:13:37 INFO  Utils:90 - https://www.123-reg.co.uk/public/login
2017-12-10 21:13:39 INFO  LoginTo123regWithoutCredentials:60 - Error message displayed : Error! No password provided.
2017-12-10 21:13:39 INFO  Utils:90 - https://www.123-reg.co.uk/public/login
2017-12-10 21:13:41 INFO  LoginTo123regWithoutCredentials:65 - Error message displayed : Error! Your credentials appear to be wrong. Please try again.
2017-12-10 21:13:41 INFO  LoginTo123regWithoutCredentials:67 - Test is finished
2017-12-10 21:14:01 INFO  Utils:70 - Username field is present
2017-12-10 21:14:01 INFO  Utils:72 - Password field is present
2017-12-10 21:14:02 INFO  Utils:90 - https://www.123-reg.co.uk/public/login
2017-12-10 21:14:05 INFO  Utils:100 - Bingo ->>>>>Testing Account
not you? sign out
2017-12-10 21:14:05 INFO  Utils:102 - Hello Testing Account displayed correctly
2017-12-10 21:14:07 INFO  LoginTo123regWithCorrectCredentials:55 - URL is correct
2017-12-10 21:14:07 INFO  LoginTo123regWithCorrectCredentials:57 - Test is finished
